{
  "RSpec": {
    "coverage": {
      "/home/devin/projects/Kodiak/app/models/user.rb": [
        1,
        null,
        null,
        1,
        null,
        null,
        1,
        null,
        1,
        1,
        1,
        null
      ],
      "/home/devin/projects/Kodiak/app/helpers/application_helper.rb": [
        1,
        1,
        0,
        0,
        0,
        null,
        null
      ],
      "/home/devin/projects/Kodiak/app/helpers/archives_helper.rb": [
        1,
        null
      ],
      "/home/devin/projects/Kodiak/app/helpers/attachments_helper.rb": [
        1,
        null
      ],
      "/home/devin/projects/Kodiak/app/helpers/categories_helper.rb": [
        1,
        null
      ],
      "/home/devin/projects/Kodiak/app/helpers/home_helper.rb": [
        1,
        null
      ],
      "/home/devin/projects/Kodiak/app/helpers/photos_helper.rb": [
        1,
        null
      ],
      "/home/devin/projects/Kodiak/app/helpers/posts_helper.rb": [
        1,
        null
      ],
      "/home/devin/projects/Kodiak/app/helpers/search_helper.rb": [
        1,
        null
      ],
      "/home/devin/projects/Kodiak/app/helpers/users_helper.rb": [
        1,
        null
      ],
      "/home/devin/projects/Kodiak/app/models/post.rb": [
        1,
        null,
        1,
        1,
        null,
        1,
        1,
        1,
        1,
        1,
        null,
        1,
        null,
        1,
        1,
        1,
        null,
        null,
        1,
        1,
        1,
        1,
        null,
        1,
        null,
        1,
        null,
        null,
        null,
        1,
        null,
        1,
        0,
        null,
        null,
        1,
        null,
        null,
        null,
        null,
        null,
        null,
        null,
        null,
        null,
        1,
        null,
        1,
        null,
        1,
        0,
        null,
        null,
        1,
        null,
        1,
        null,
        null,
        null,
        1,
        0,
        0,
        null,
        null,
        null
      ],
      "/home/devin/projects/Kodiak/app/lib/search.rb": [
        1
      ],
      "/home/devin/projects/Kodiak/app/lib/search/result.rb": [
        1,
        1,
        1,
        1,
        null,
        null,
        null,
        null,
        null,
        null,
        0,
        0,
        0,
        0,
        null,
        null,
        null,
        null,
        null,
        1,
        0,
        0,
        0,
        null,
        null,
        null,
        null,
        0,
        0,
        0,
        0,
        null,
        null,
        null,
        null,
        null,
        0,
        null,
        null,
        null,
        null,
        1,
        0,
        null,
        null,
        1,
        0,
        0,
        null,
        null,
        null,
        null
      ]
    },
    "timestamp": 1407541070
  }
}
