{
  "RSpec": {
    "coverage": {
      "/home/devin/projects/web/kodiak/spec/support/posts.rb": [
        1,
        null,
        1,
        null,
        1,
        0,
        0,
        0,
        0,
        null,
        null,
        1,
        21,
        null,
        null,
        1,
        0,
        0,
        0,
        null,
        null
      ],
      "/home/devin/projects/web/kodiak/spec/support/controller_macros.rb": [
        1,
        null,
        1,
        0,
        0,
        0,
        null,
        null
      ],
      "/home/devin/projects/web/kodiak/spec/support/test_preparation.rb": [
        1,
        1,
        null,
        1,
        null,
        1,
        16,
        16,
        null,
        null,
        1,
        16,
        null,
        null,
        null
      ],
      "/home/devin/projects/web/kodiak/spec/support/devise.rb": [
        1,
        1,
        1,
        null
      ],
      "/home/devin/projects/web/kodiak/spec/support/user.rb": [
        1,
        null,
        1,
        null,
        1,
        16,
        null,
        null
      ],
      "/home/devin/projects/web/kodiak/spec/factories/category.rb": [
        1,
        1,
        1,
        null,
        null
      ],
      "/home/devin/projects/web/kodiak/spec/factories/post.rb": [
        1,
        null,
        1,
        1,
        1,
        1,
        1,
        null,
        null
      ],
      "/home/devin/projects/web/kodiak/spec/factories/tag.rb": [
        1,
        null,
        1,
        1,
        1,
        null,
        null
      ],
      "/home/devin/projects/web/kodiak/spec/factories/user.rb": [
        1,
        null,
        1,
        1,
        2,
        1,
        1,
        2,
        null,
        null
      ]
    },
    "timestamp": 1386994847
  }
}
